<?xml version="1.0" encoding="UTF-8"?>
<testsuite name="MaxHeapTest" tests="3" skipped="0" failures="0" errors="0" timestamp="2020-05-13T00:27:04" hostname="odysseus" time="0.003">
  <properties/>
  <testcase name="delete()" classname="MaxHeapTest" time="0.002"/>
  <testcase name="getMax()" classname="MaxHeapTest" time="0.0"/>
  <testcase name="add()" classname="MaxHeapTest" time="0.0"/>
  <system-out><![CDATA[]]></system-out>
  <system-err><![CDATA[]]></system-err>
</testsuite>
