<?xml version="1.0" encoding="UTF-8"?>
<testsuite name="algorithms.HitCounterTest" tests="2" skipped="0" failures="0" errors="0" timestamp="2020-05-13T00:27:04" hostname="odysseus" time="0.002">
  <properties/>
  <testcase name="handlesCountingCase2()" classname="algorithms.HitCounterTest" time="0.001"/>
  <testcase name="handlesCounting()" classname="algorithms.HitCounterTest" time="0.001"/>
  <system-out><![CDATA[]]></system-out>
  <system-err><![CDATA[]]></system-err>
</testsuite>
