<?xml version="1.0" encoding="UTF-8"?>
<testsuite name="FasterCacheTest" tests="3" skipped="0" failures="0" errors="0" timestamp="2020-05-13T00:27:04" hostname="odysseus" time="0.002">
  <properties/>
  <testcase name="add()" classname="FasterCacheTest" time="0.001"/>
  <testcase name="keyDuplicate()" classname="FasterCacheTest" time="0.0"/>
  <testcase name="firstKeyDuplicate()" classname="FasterCacheTest" time="0.001"/>
  <system-out><![CDATA[]]></system-out>
  <system-err><![CDATA[]]></system-err>
</testsuite>
