<?xml version="1.0" encoding="UTF-8"?>
<testsuite name="HashMapTest" tests="2" skipped="1" failures="0" errors="0" timestamp="2020-05-13T00:27:04" hostname="odysseus" time="0.011">
  <properties/>
  <testcase name="add()" classname="HashMapTest" time="0.009"/>
  <testcase name="handleAddCollision()" classname="HashMapTest" time="0.001">
    <skipped/>
  </testcase>
  <system-out><![CDATA[]]></system-out>
  <system-err><![CDATA[]]></system-err>
</testsuite>
